<?xml version="1.0" encoding="UTF-8"?>
<!-- Generated by org.testng.reporters.JUnitReportReporter -->
<testsuite hostname="LAPTOP-QDNR9MFF" failures="0" tests="1" name="API_RahulShetty.API_RahulShetty.PriceValidation" time="1.204" errors="0" timestamp="2023-07-02T01:05:37 EDT" skipped="0">
  <testcase classname="API_RahulShetty.API_RahulShetty.PriceValidation" name="sumOfCourses" time="1.204"/>
  <system-out/>
</testsuite> <!-- API_RahulShetty.API_RahulShetty.PriceValidation -->
